Running device available: NVIDIA RTX A6000
Training begin: ...
/journel/s0/zur74/venv/porousgan/lib/python3.9/site-packages/torch/nn/modules/conv.py:602: UserWarning: Using padding='same' with even kernel lengths and odd dilation may require a zero-padded copy of the input be created (Triggered internally at  ../aten/src/ATen/native/Convolution.cpp:882.)
  return F.conv3d(
[0/100][319/320]	Loss_D: 0.2228	Loss_G: 1.7118	D(x): 2.5961	D(G(z)): -1.3161 / -1.4513
Training time takes approximately:  39.02827096780141 minutes at current epcoh
[1/100][319/320]	Loss_D: 0.6197	Loss_G: 0.9913	D(x): 0.0786	D(G(z)): -0.5652 / -0.4597
Training time takes approximately:  38.48146842718124 minutes at current epcoh
[2/100][319/320]	Loss_D: 0.0826	Loss_G: 4.0747	D(x): 2.7820	D(G(z)): -4.3421 / -4.0274
Training time takes approximately:  38.48080449899037 minutes at current epcoh
[3/100][319/320]	Loss_D: 0.9337	Loss_G: 4.4977	D(x): 5.9600	D(G(z)): 1.3849 / -4.4734
Training time takes approximately:  38.548441394170126 minutes at current epcoh
[4/100][319/320]	Loss_D: 0.0001	Loss_G: 13.9256	D(x): 10.6726	D(G(z)): -14.3240 / -13.9250
Training time takes approximately:  38.532147618134815 minutes at current epcoh
[5/100][319/320]	Loss_D: 0.0014	Loss_G: 8.1372	D(x): 7.1159	D(G(z)): -7.5308 / -8.1367
Training time takes approximately:  38.37061553796132 minutes at current epcoh
[6/100][319/320]	Loss_D: 0.0678	Loss_G: 3.2567	D(x): 2.6441	D(G(z)): -3.6625 / -3.1866
Training time takes approximately:  38.52717597881953 minutes at current epcoh
[7/100][319/320]	Loss_D: 0.1823	Loss_G: 2.9806	D(x): 1.8999	D(G(z)): -3.3455 / -2.9073
Training time takes approximately:  38.52324177424113 minutes at current epcoh
[8/100][319/320]	Loss_D: 0.3461	Loss_G: 1.7759	D(x): 2.6630	D(G(z)): -0.9095 / -1.5190
Training time takes approximately:  38.47807232141495 minutes at current epcoh
[9/100][319/320]	Loss_D: 0.3480	Loss_G: 1.7868	D(x): 1.1529	D(G(z)): -1.4233 / -1.4862
Training time takes approximately:  38.47263619502385 minutes at current epcoh
[10/100][319/320]	Loss_D: 0.4637	Loss_G: 2.2021	D(x): -0.0222	D(G(z)): -2.4247 / -2.0588
Training time takes approximately:  38.454705508550006 minutes at current epcoh
[11/100][319/320]	Loss_D: 0.2729	Loss_G: 1.3208	D(x): 1.6053	D(G(z)): -1.5821 / -0.8922
Training time takes approximately:  38.41697674592336 minutes at current epcoh
[12/100][319/320]	Loss_D: 0.4520	Loss_G: 1.4841	D(x): 0.8648	D(G(z)): -0.6945 / -1.1345
Training time takes approximately:  38.45570335388184 minutes at current epcoh
[13/100][319/320]	Loss_D: 0.3813	Loss_G: 0.6759	D(x): 0.6283	D(G(z)): -1.6310 / 0.2507
Training time takes approximately:  38.34464059670766 minutes at current epcoh
[14/100][319/320]	Loss_D: 0.5704	Loss_G: 1.1824	D(x): 0.1128	D(G(z)): -0.5967 / -0.7894
Training time takes approximately:  38.588726035753886 minutes at current epcoh
[15/100][319/320]	Loss_D: 0.4486	Loss_G: 2.1015	D(x): 2.5583	D(G(z)): -0.0074 / -1.8457
Training time takes approximately:  38.51229817867279 minutes at current epcoh
[16/100][319/320]	Loss_D: 0.7161	Loss_G: 0.7495	D(x): 0.5551	D(G(z)): 0.2262 / 0.0491
Training time takes approximately:  38.44038753906886 minutes at current epcoh
[17/100][319/320]	Loss_D: 0.4633	Loss_G: 1.2949	D(x): 0.2340	D(G(z)): -1.2165 / -0.8863
Training time takes approximately:  38.48739773829778 minutes at current epcoh
[18/100][319/320]	Loss_D: 0.5477	Loss_G: 0.6184	D(x): 1.1836	D(G(z)): -0.0404 / 0.2706
Training time takes approximately:  38.50356016953786 minutes at current epcoh
[19/100][319/320]	Loss_D: 0.9114	Loss_G: 0.7884	D(x): 1.0158	D(G(z)): 1.1885 / -0.0211
Training time takes approximately:  38.63401501178741 minutes at current epcoh
[20/100][319/320]	Loss_D: 0.5525	Loss_G: 0.8281	D(x): 0.3041	D(G(z)): -0.5334 / -0.1921
Training time takes approximately:  38.52521442572276 minutes at current epcoh
[21/100][319/320]	Loss_D: 0.9900	Loss_G: 0.9308	D(x): -1.3478	D(G(z)): -0.9940 / -0.3424
Training time takes approximately:  38.49068049589793 minutes at current epcoh
[22/100][319/320]	Loss_D: 0.7331	Loss_G: 0.8405	D(x): -0.3232	D(G(z)): -0.3354 / -0.2401
Training time takes approximately:  38.62248413960139 minutes at current epcoh
[23/100][319/320]	Loss_D: 0.6272	Loss_G: 0.7583	D(x): 0.0753	D(G(z)): -0.2779 / -0.1017
Training time takes approximately:  38.67447048823039 minutes at current epcoh
[24/100][319/320]	Loss_D: 0.6641	Loss_G: 0.7546	D(x): 0.2038	D(G(z)): 0.0400 / -0.1032
Training time takes approximately:  38.53102778593699 minutes at current epcoh
[25/100][319/320]	Loss_D: 0.6304	Loss_G: 0.8107	D(x): 0.1819	D(G(z)): -0.1507 / -0.1728
Training time takes approximately:  38.46986449956894 minutes at current epcoh
[26/100][319/320]	Loss_D: 0.6135	Loss_G: 0.9014	D(x): 0.1558	D(G(z)): -0.2698 / -0.3629
Training time takes approximately:  38.656408377488454 minutes at current epcoh
[27/100][319/320]	Loss_D: 0.6223	Loss_G: 0.8088	D(x): 0.1839	D(G(z)): -0.1819 / -0.2048
Training time takes approximately:  38.69226360321045 minutes at current epcoh
[28/100][319/320]	Loss_D: 0.4232	Loss_G: 1.3224	D(x): 1.1677	D(G(z)): -0.4452 / -0.9710
Training time takes approximately:  38.67572173277537 minutes at current epcoh
[29/100][319/320]	Loss_D: 0.7267	Loss_G: 0.8599	D(x): -0.0402	D(G(z)): 0.0243 / -0.2852
Training time takes approximately:  38.56787072022756 minutes at current epcoh
[30/100][319/320]	Loss_D: 0.3286	Loss_G: 2.2464	D(x): 1.6788	D(G(z)): -1.1663 / -2.0831
Training time takes approximately:  38.54648290077845 minutes at current epcoh
[31/100][319/320]	Loss_D: 0.3964	Loss_G: 1.2652	D(x): 0.9764	D(G(z)): -0.9901 / -0.8335
Training time takes approximately:  38.57042553027471 minutes at current epcoh
[32/100][319/320]	Loss_D: 0.5032	Loss_G: 1.1133	D(x): 0.9555	D(G(z)): -0.4940 / -0.5938
Training time takes approximately:  38.58252207438151 minutes at current epcoh
[33/100][319/320]	Loss_D: 0.4444	Loss_G: 1.2309	D(x): 1.8195	D(G(z)): -0.1489 / -0.8094
Training time takes approximately:  38.580341426531476 minutes at current epcoh
[34/100][319/320]	Loss_D: 0.5723	Loss_G: 1.2271	D(x): 0.9733	D(G(z)): 0.0845 / -0.8157
Training time takes approximately:  38.582230949401854 minutes at current epcoh
[35/100][319/320]	Loss_D: 0.4231	Loss_G: 1.5726	D(x): 1.1707	D(G(z)): -0.8413 / -1.1939
Training time takes approximately:  38.61258850892385 minutes at current epcoh
[36/100][319/320]	Loss_D: 0.6180	Loss_G: 0.9148	D(x): 1.0237	D(G(z)): 0.0323 / -0.2099
Training time takes approximately:  38.603599679470065 minutes at current epcoh
[37/100][319/320]	Loss_D: 0.7985	Loss_G: 1.2295	D(x): -0.6891	D(G(z)): -0.7987 / -0.7525
Training time takes approximately:  38.48265412648519 minutes at current epcoh
[38/100][319/320]	Loss_D: 0.5893	Loss_G: 1.1062	D(x): 0.8153	D(G(z)): -0.0821 / -0.4982
Training time takes approximately:  38.47896591822306 minutes at current epcoh
[39/100][319/320]	Loss_D: 0.6520	Loss_G: 0.8599	D(x): 0.7093	D(G(z)): -0.1395 / -0.0729
Training time takes approximately:  38.63314528862635 minutes at current epcoh
[40/100][319/320]	Loss_D: 0.5937	Loss_G: 0.9313	D(x): -0.2703	D(G(z)): -1.2308 / -0.3829
Training time takes approximately:  38.68615058263143 minutes at current epcoh
[41/100][319/320]	Loss_D: 0.5696	Loss_G: 1.1321	D(x): 0.3143	D(G(z)): -0.4242 / -0.6902
Training time takes approximately:  38.61918751796087 minutes at current epcoh
[42/100][319/320]	Loss_D: 0.5017	Loss_G: 1.6566	D(x): 0.8303	D(G(z)): -0.2243 / -1.4106
Training time takes approximately:  38.64728688796361 minutes at current epcoh
[43/100][319/320]	Loss_D: 0.4481	Loss_G: 0.9934	D(x): 1.2147	D(G(z)): -0.3554 / -0.4263
Training time takes approximately:  38.64853539466858 minutes at current epcoh
[44/100][319/320]	Loss_D: 0.9622	Loss_G: 0.6489	D(x): -0.6612	D(G(z)): -0.1213 / 0.3409
Training time takes approximately:  38.64768644968669 minutes at current epcoh
[45/100][319/320]	Loss_D: 0.5372	Loss_G: 0.9191	D(x): 0.4910	D(G(z)): -0.4276 / -0.3013
Training time takes approximately:  38.65169561704 minutes at current epcoh
[46/100][319/320]	Loss_D: 0.7125	Loss_G: 0.8993	D(x): 0.3418	D(G(z)): 0.1094 / -0.2710
Training time takes approximately:  38.48199339310328 minutes at current epcoh
[47/100][319/320]	Loss_D: 0.7025	Loss_G: 1.5201	D(x): -0.2449	D(G(z)): -0.5950 / -1.2247
Training time takes approximately:  38.42176468769709 minutes at current epcoh
[48/100][319/320]	Loss_D: 0.4183	Loss_G: 0.8912	D(x): 0.9117	D(G(z)): -0.5933 / -0.3272
Training time takes approximately:  38.54740062952042 minutes at current epcoh
[49/100][319/320]	Loss_D: 0.7160	Loss_G: 0.8364	D(x): -0.0743	D(G(z)): -0.2203 / -0.1764
Training time takes approximately:  38.65228550831477 minutes at current epcoh
[50/100][319/320]	Loss_D: 0.6351	Loss_G: 0.4723	D(x): 0.3631	D(G(z)): -0.1868 / 0.7000
Training time takes approximately:  38.554365726312 minutes at current epcoh
[51/100][319/320]	Loss_D: 0.6754	Loss_G: 0.9166	D(x): 0.1484	D(G(z)): -0.2568 / -0.2436
Training time takes approximately:  38.73371104001999 minutes at current epcoh
[52/100][319/320]	Loss_D: 0.9007	Loss_G: 0.5922	D(x): 0.0784	D(G(z)): 0.6533 / 0.2781
Training time takes approximately:  38.60840474764506 minutes at current epcoh
[53/100][319/320]	Loss_D: 0.6776	Loss_G: 0.9071	D(x): 0.2139	D(G(z)): -0.0092 / -0.3116
Training time takes approximately:  38.61874039967855 minutes at current epcoh
[54/100][319/320]	Loss_D: 0.5487	Loss_G: 0.9264	D(x): 0.3425	D(G(z)): -0.4190 / -0.3806
Training time takes approximately:  38.62254888614019 minutes at current epcoh
[55/100][319/320]	Loss_D: 0.6354	Loss_G: 1.3809	D(x): 0.4481	D(G(z)): -0.0428 / -1.0229
Training time takes approximately:  38.74352656205495 minutes at current epcoh
[56/100][319/320]	Loss_D: 0.6203	Loss_G: 0.5342	D(x): 0.3253	D(G(z)): -0.2677 / 0.5231
Training time takes approximately:  38.74894378980001 minutes at current epcoh
[57/100][319/320]	Loss_D: 0.5776	Loss_G: 1.1055	D(x): 0.0785	D(G(z)): -0.5905 / -0.6422
Training time takes approximately:  38.706504646937056 minutes at current epcoh
[58/100][319/320]	Loss_D: 0.8871	Loss_G: 0.6865	D(x): -0.6089	D(G(z)): -0.1621 / 0.0819
Training time takes approximately:  38.762438186009724 minutes at current epcoh
[59/100][319/320]	Loss_D: 0.4407	Loss_G: 1.7600	D(x): 0.4108	D(G(z)): -1.3029 / -1.4721
Training time takes approximately:  38.767174299558 minutes at current epcoh
[60/100][319/320]	Loss_D: 0.6221	Loss_G: 1.6250	D(x): -0.0116	D(G(z)): -0.8585 / -1.3103
Training time takes approximately:  38.75996182759603 minutes at current epcoh
[61/100][319/320]	Loss_D: 0.8702	Loss_G: 1.2137	D(x): -0.6394	D(G(z)): -0.3043 / -0.8018
Training time takes approximately:  38.69210246006648 minutes at current epcoh
[62/100][319/320]	Loss_D: 0.6227	Loss_G: 1.0759	D(x): 0.1662	D(G(z)): -0.5375 / -0.5690
Training time takes approximately:  38.68253824710846 minutes at current epcoh
[63/100][319/320]	Loss_D: 0.8434	Loss_G: 0.8568	D(x): -0.2311	D(G(z)): 0.0319 / -0.1765
Training time takes approximately:  38.595556831359865 minutes at current epcoh
[64/100][319/320]	Loss_D: 0.6651	Loss_G: 0.7979	D(x): 0.1396	D(G(z)): -0.1190 / -0.1562
Training time takes approximately:  38.55901282231013 minutes at current epcoh
[65/100][319/320]	Loss_D: 0.7285	Loss_G: 1.0738	D(x): -0.4169	D(G(z)): -0.5127 / -0.6306
Training time takes approximately:  38.497947506109874 minutes at current epcoh
[66/100][319/320]	Loss_D: 0.6605	Loss_G: 0.7002	D(x): -0.0270	D(G(z)): -0.2262 / 0.0227
Training time takes approximately:  38.51294494867325 minutes at current epcoh
[67/100][319/320]	Loss_D: 0.8845	Loss_G: 0.4885	D(x): 0.3752	D(G(z)): 0.7192 / 0.5759
Training time takes approximately:  38.60779716571172 minutes at current epcoh
[68/100][319/320]	Loss_D: 0.8105	Loss_G: 0.7520	D(x): -0.4632	D(G(z)): -0.2154 / -0.0677
Training time takes approximately:  38.592277431488036 minutes at current epcoh
[69/100][319/320]	Loss_D: 0.7125	Loss_G: 0.8544	D(x): -0.1683	D(G(z)): -0.2639 / -0.2154
Training time takes approximately:  38.57560362418493 minutes at current epcoh
[70/100][319/320]	Loss_D: 0.7023	Loss_G: 0.7615	D(x): 0.1572	D(G(z)): 0.0977 / -0.1086
Training time takes approximately:  38.57041592200597 minutes at current epcoh
[71/100][319/320]	Loss_D: 0.6744	Loss_G: 0.9719	D(x): -0.2000	D(G(z)): -0.4152 / -0.4646
Training time takes approximately:  38.69141815900802 minutes at current epcoh
[72/100][319/320]	Loss_D: 0.6100	Loss_G: 0.8216	D(x): 0.4227	D(G(z)): -0.0070 / -0.2297
Training time takes approximately:  38.585005668799084 minutes at current epcoh
[73/100][319/320]	Loss_D: 0.6080	Loss_G: 0.7914	D(x): 0.6031	D(G(z)): 0.0917 / -0.1564
Training time takes approximately:  38.558580406506856 minutes at current epcoh
[74/100][319/320]	Loss_D: 0.9470	Loss_G: 0.4098	D(x): 0.2690	D(G(z)): 0.8559 / 0.8617
Training time takes approximately:  38.71726158062617 minutes at current epcoh
[75/100][319/320]	Loss_D: 0.7786	Loss_G: 0.7068	D(x): -0.4242	D(G(z)): -0.2109 / 0.0066
Training time takes approximately:  38.74987922906875 minutes at current epcoh
[76/100][319/320]	Loss_D: 0.6879	Loss_G: 0.6826	D(x): 0.1245	D(G(z)): 0.0282 / 0.0421
Training time takes approximately:  38.599227265516916 minutes at current epcoh
[77/100][319/320]	Loss_D: 0.7913	Loss_G: 0.9693	D(x): 0.0922	D(G(z)): 0.2600 / -0.3917
Training time takes approximately:  38.79104249874751 minutes at current epcoh
[78/100][319/320]	Loss_D: 0.6378	Loss_G: 0.8437	D(x): 0.0751	D(G(z)): -0.2451 / -0.2556
Training time takes approximately:  38.73458198706309 minutes at current epcoh
[79/100][319/320]	Loss_D: 0.5642	Loss_G: 1.2254	D(x): 0.0880	D(G(z)): -0.7092 / -0.8004
Training time takes approximately:  38.74428576231003 minutes at current epcoh
[80/100][319/320]	Loss_D: 0.9537	Loss_G: 0.7860	D(x): -0.4048	D(G(z)): -0.0553 / -0.0721
Training time takes approximately:  38.56261645555496 minutes at current epcoh
[81/100][319/320]	Loss_D: 0.4562	Loss_G: 1.0138	D(x): 0.7805	D(G(z)): -0.4566 / -0.5257
Training time takes approximately:  38.70496775706609 minutes at current epcoh
[82/100][319/320]	Loss_D: 0.5021	Loss_G: 1.0505	D(x): 0.4730	D(G(z)): -0.5797 / -0.5530
Training time takes approximately:  38.79866001605988 minutes at current epcoh
[83/100][319/320]	Loss_D: 0.6962	Loss_G: 0.9086	D(x): -0.2104	D(G(z)): -0.4031 / -0.3443
Training time takes approximately:  38.7659734805425 minutes at current epcoh
[84/100][319/320]	Loss_D: 0.5289	Loss_G: 1.0243	D(x): 0.2753	D(G(z)): -0.5488 / -0.5593
Training time takes approximately:  38.67795695463816 minutes at current epcoh
[85/100][319/320]	Loss_D: 0.7421	Loss_G: 0.7282	D(x): 0.0372	D(G(z)): 0.1242 / -0.0307
Training time takes approximately:  38.659384763240816 minutes at current epcoh
[86/100][319/320]	Loss_D: 0.5318	Loss_G: 0.9891	D(x): 0.5175	D(G(z)): -0.3065 / -0.4896
Training time takes approximately:  38.67462253967921 minutes at current epcoh
[87/100][319/320]	Loss_D: 0.6748	Loss_G: 0.7260	D(x): 0.1705	D(G(z)): -0.0234 / -0.0350
Training time takes approximately:  38.67067387898763 minutes at current epcoh
[88/100][319/320]	Loss_D: 0.6661	Loss_G: 0.7587	D(x): -0.2167	D(G(z)): -0.4611 / -0.0847
Training time takes approximately:  38.679408355553946 minutes at current epcoh
[89/100][319/320]	Loss_D: 0.7362	Loss_G: 0.8674	D(x): -0.5895	D(G(z)): -0.6923 / -0.3005
Training time takes approximately:  38.711201969782515 minutes at current epcoh
[90/100][319/320]	Loss_D: 0.7793	Loss_G: 0.8472	D(x): -0.5133	D(G(z)): -0.4041 / -0.2222
Training time takes approximately:  38.810996838410695 minutes at current epcoh
[91/100][319/320]	Loss_D: 0.7111	Loss_G: 0.6703	D(x): 0.0390	D(G(z)): 0.0048 / 0.0754
Training time takes approximately:  38.7907309571902 minutes at current epcoh
[92/100][319/320]	Loss_D: 0.5099	Loss_G: 1.0902	D(x): 0.0871	D(G(z)): -0.9204 / -0.6522
Training time takes approximately:  38.81037063995997 minutes at current epcoh
[93/100][319/320]	Loss_D: 0.6987	Loss_G: 1.7055	D(x): -0.7051	D(G(z)): -1.6383 / -1.4805
Training time takes approximately:  38.625814986228946 minutes at current epcoh
[94/100][319/320]	Loss_D: 0.4252	Loss_G: 1.3989	D(x): 0.6840	D(G(z)): -0.7283 / -1.1011
Training time takes approximately:  38.70233244498571 minutes at current epcoh
[95/100][319/320]	Loss_D: 0.6795	Loss_G: 1.0931	D(x): 0.0830	D(G(z)): -0.3258 / -0.5977
Training time takes approximately:  38.71601289113362 minutes at current epcoh
[96/100][319/320]	Loss_D: 0.4937	Loss_G: 1.0125	D(x): 0.6646	D(G(z)): -0.4430 / -0.4916
Training time takes approximately:  38.71162281036377 minutes at current epcoh
[97/100][319/320]	Loss_D: 0.6501	Loss_G: 0.7886	D(x): 0.2117	D(G(z)): -0.1576 / -0.1255
Training time takes approximately:  38.690820121765135 minutes at current epcoh
[98/100][319/320]	Loss_D: 0.6135	Loss_G: 0.8045	D(x): 0.2580	D(G(z)): -0.1594 / -0.1978
Training time takes approximately:  38.692385880152386 minutes at current epcoh
[99/100][319/320]	Loss_D: 0.6599	Loss_G: 0.8322	D(x): 0.0520	D(G(z)): -0.2950 / -0.2175
Training time takes approximately:  38.66483753124873 minutes at current epcoh
